<?xml version="1.0" encoding="utf-8"?><testsuites name="pytest tests"><testsuite name="pytest" errors="0" failures="0" skipped="1" tests="14" time="69.188" timestamp="2026-02-12T00:04:20.872643+00:00" hostname="agent-env-bc02a3d5-4389-4f4e-ab76-9f2555ab857a"><testcase classname="tests.test_flux_dna_api.TestHealthEndpoint" name="test_health_returns_fortress_active" time="1.088" /><testcase classname="tests.test_flux_dna_api.TestOSINTEndpoint" name="test_osint_check_returns_risk_score" time="0.041" /><testcase classname="tests.test_flux_dna_api.TestOSINTEndpoint" name="test_osint_status_returns_active" time="0.041" /><testcase classname="tests.test_flux_dna_api.TestAssessmentEndpoints" name="test_assessment_start_returns_session" time="8.088" /><testcase classname="tests.test_flux_dna_api.TestAssessmentEndpoints" name="test_assessment_message_normal_flow" time="15.577" /><testcase classname="tests.test_flux_dna_api.TestAssessmentEndpoints" name="test_assessment_message_distress_triggers_sanctuary" time="18.104" /><testcase classname="tests.test_flux_dna_api.TestAssessmentEndpoints" name="test_assessment_scales_returns_all_scales" time="0.067" /><testcase classname="tests.test_flux_dna_api.TestFounderEndpoints" name="test_founder_metrics_requires_auth" time="0.038" /><testcase classname="tests.test_flux_dna_api.TestFounderEndpoints" name="test_founder_metrics_with_valid_password" time="0.034" /><testcase classname="tests.test_flux_dna_api.TestFounderEndpoints" name="test_founder_metrics_with_invalid_password" time="0.036" /><testcase classname="tests.test_flux_dna_api.TestFounderEndpoints" name="test_founder_strategic_briefing_endpoint_exists" time="0.036"><skipped type="pytest.skip" message="strategic-briefing endpoint not implemented - needs to be added">/app/backend/tests/test_flux_dna_api.py:228: strategic-briefing endpoint not implemented - needs to be added</skipped></testcase><testcase classname="tests.test_flux_dna_api.TestFounderEndpoints" name="test_founder_analytics_timeline" time="0.036" /><testcase classname="tests.test_flux_dna_api.TestCrisisDetection" name="test_crisis_keywords_trigger_guardian_mode" time="17.523" /><testcase classname="tests.test_flux_dna_api.TestHighOSINTRisk" name="test_high_osint_risk_enables_cloak_mode" time="8.410" /></testsuite></testsuites>