<?xml version="1.0" encoding="utf-8"?><testsuites name="pytest tests"><testsuite name="pytest" errors="0" failures="0" skipped="0" tests="12" time="101.053" timestamp="2026-02-10T01:20:05.740263+00:00" hostname="agent-env-bc02a3d5-4389-4f4e-ab76-9f2555ab857a"><testcase classname="tests.test_neural_first_architecture.TestHealthAndBasics" name="test_health_endpoint" time="0.100" /><testcase classname="tests.test_neural_first_architecture.TestAssessmentStartNeuralDirective" name="test_start_assessment_returns_neural_directive" time="8.825" /><testcase classname="tests.test_neural_first_architecture.TestAssessmentStartNeuralDirective" name="test_start_assessment_high_osint_risk_triggers_sanctuary" time="9.152" /><testcase classname="tests.test_neural_first_architecture.TestAssessmentMessageNormalFlow" name="test_normal_message_keeps_phoenix_mode" time="17.370" /><testcase classname="tests.test_neural_first_architecture.TestAssessmentMessageDistressDetection" name="test_distress_keywords_trigger_sanctuary" time="20.621" /><testcase classname="tests.test_neural_first_architecture.TestAssessmentMessageCrisisDetection" name="test_crisis_keywords_trigger_guardian" time="19.989" /><testcase classname="tests.test_neural_first_architecture.TestAssessmentCompleteCeremonial" name="test_complete_assessment_triggers_ceremonial" time="24.700" /><testcase classname="tests.test_neural_first_architecture.TestVaultSubmitAIAnalysis" name="test_vault_submit_returns_ai_analysis" time="0.073" /><testcase classname="tests.test_neural_first_architecture.TestVaultSubmitAIAnalysis" name="test_vault_submit_low_risk" time="0.033" /><testcase classname="tests.test_neural_first_architecture.TestOSINTCheck" name="test_osint_check_returns_risk_score" time="0.033" /><testcase classname="tests.test_neural_first_architecture.TestOSINTCheck" name="test_osint_status" time="0.037" /><testcase classname="tests.test_neural_first_architecture.TestAssessmentScales" name="test_get_scales" time="0.034" /></testsuite></testsuites>